# JRE version: Java(TM) SE Runtime Environment (18.0.1.1+2) (build 18.0.1.1+2-6)
# Java VM: Java HotSpot(TM) 64-Bit Server VM (18.0.1.1+2-6, mixed mode, sharing, tiered, compressed oops, compressed class ptrs, g1 gc, windows-amd64)
GC Precious Log:
 CardTable entry size: 512
 Card Set container configuration: InlinePtr #cards 4 size 8 Array Of Cards #cards 16 size 48 Howl #buckets 8 coarsen threshold 3686 Howl Bitmap #cards 512 size 80 coarsen threshold 460 Card regions per heap region 1 cards per card region 4096
 CPUs: 12 total, 12 available
 Memory: 16187M
 Large Page Support: Disabled
 NUMA Support: Disabled
 Compressed Oops: Enabled (Zero based)
 Heap Region Size: 2M
 Heap Min Capacity: 8M
 Heap Initial Capacity: 254M
 Heap Max Capacity: 4048M
 Pre-touch: Disabled
 Parallel Workers: 10
 Concurrent Workers: 3
 Concurrent Refinement Workers: 10
 Periodic GC: Disabled
Heap:
 garbage-first heap   total 108544K, used 61472K [0x0000000703000000, 0x0000000800000000)
  region size 2048K, 15 young (30720K), 2 survivors (4096K)
 Metaspace       used 67483K, committed 68096K, reserved 1114112K
  class space    used 8549K, committed 8832K, reserved 1048576K
GC Heap History (20 events):
Event: 129.067 GC heap before
{Heap before GC invocations=21 (full 1):
 garbage-first heap   total 90112K, used 68328K [0x0000000703000000, 0x0000000800000000)
  region size 2048K, 21 young (43008K), 0 survivors (0K)
 Metaspace       used 65332K, committed 65856K, reserved 1114112K
  class space    used 8441K, committed 8704K, reserved 1048576K
}
Event: 129.070 GC heap after
{Heap after GC invocations=22 (full 1):
 garbage-first heap   total 90112K, used 28316K [0x0000000703000000, 0x0000000800000000)
  region size 2048K, 2 young (4096K), 2 survivors (4096K)
 Metaspace       used 65332K, committed 65856K, reserved 1114112K
  class space    used 8441K, committed 8704K, reserved 1048576K
}
Event: 129.817 GC heap before
{Heap before GC invocations=22 (full 1):
 garbage-first heap   total 90112K, used 67228K [0x0000000703000000, 0x0000000800000000)
  region size 2048K, 21 young (43008K), 2 survivors (4096K)
 Metaspace       used 65814K, committed 66432K, reserved 1114112K
  class space    used 8456K, committed 8768K, reserved 1048576K
}
Event: 129.822 GC heap after
{Heap after GC invocations=23 (full 1):
 garbage-first heap   total 90112K, used 31435K [0x0000000703000000, 0x0000000800000000)
  region size 2048K, 3 young (6144K), 3 survivors (6144K)
 Metaspace       used 65814K, committed 66432K, reserved 1114112K
  class space    used 8456K, committed 8768K, reserved 1048576K
}
Event: 133.801 GC heap before
{Heap before GC invocations=23 (full 1):
 garbage-first heap   total 90112K, used 49867K [0x0000000703000000, 0x0000000800000000)
  region size 2048K, 13 young (26624K), 3 survivors (6144K)
 Metaspace       used 65972K, committed 66624K, reserved 1114112K
  class space    used 8460K, committed 8768K, reserved 1048576K
}
Event: 133.853 GC heap after
{Heap after GC invocations=24 (full 2):
 garbage-first heap   total 90112K, used 28060K [0x0000000703000000, 0x0000000800000000)
  region size 2048K, 0 young (0K), 0 survivors (0K)
 Metaspace       used 65972K, committed 66624K, reserved 1114112K
  class space    used 8460K, committed 8768K, reserved 1048576K
}
Event: 134.655 GC heap before
{Heap before GC invocations=24 (full 2):
 garbage-first heap   total 90112K, used 66972K [0x0000000703000000, 0x0000000800000000)
  region size 2048K, 20 young (40960K), 0 survivors (0K)
 Metaspace       used 66079K, committed 66688K, reserved 1114112K
  class space    used 8473K, committed 8768K, reserved 1048576K
}
Event: 134.660 GC heap after
{Heap after GC invocations=25 (full 2):
 garbage-first heap   total 108544K, used 31713K [0x0000000703000000, 0x0000000800000000)
  region size 2048K, 2 young (4096K), 2 survivors (4096K)
 Metaspace       used 66079K, committed 66688K, reserved 1114112K
  class space    used 8473K, committed 8768K, reserved 1048576K
}
Event: 135.669 GC heap before
{Heap before GC invocations=25 (full 2):
 garbage-first heap   total 108544K, used 80865K [0x0000000703000000, 0x0000000800000000)
  region size 2048K, 26 young (53248K), 2 survivors (4096K)
 Metaspace       used 66454K, committed 67072K, reserved 1114112K
  class space    used 8489K, committed 8768K, reserved 1048576K
}
Event: 135.673 GC heap after
{Heap after GC invocations=26 (full 2):
 garbage-first heap   total 108544K, used 34828K [0x0000000703000000, 0x0000000800000000)
  region size 2048K, 4 young (8192K), 4 survivors (8192K)
 Metaspace       used 66454K, committed 67072K, reserved 1114112K
  class space    used 8489K, committed 8768K, reserved 1048576K
}
Event: 142.560 GC heap before
{Heap before GC invocations=26 (full 2):
 garbage-first heap   total 108544K, used 45068K [0x0000000703000000, 0x0000000800000000)
  region size 2048K, 10 young (20480K), 4 survivors (8192K)
 Metaspace       used 66557K, committed 67136K, reserved 1114112K
  class space    used 8493K, committed 8768K, reserved 1048576K
}
Event: 142.656 GC heap after
{Heap after GC invocations=27 (full 3):
 garbage-first heap   total 108544K, used 30763K [0x0000000703000000, 0x0000000800000000)
  region size 2048K, 0 young (0K), 0 survivors (0K)
 Metaspace       used 66557K, committed 67136K, reserved 1114112K
  class space    used 8493K, committed 8768K, reserved 1048576K
}
Event: 143.524 GC heap before
{Heap before GC invocations=27 (full 3):
 garbage-first heap   total 108544K, used 81963K [0x0000000703000000, 0x0000000800000000)
  region size 2048K, 25 young (51200K), 0 survivors (0K)
 Metaspace       used 66679K, committed 67328K, reserved 1114112K
  class space    used 8508K, committed 8832K, reserved 1048576K
}
Event: 143.527 GC heap after
{Heap after GC invocations=28 (full 3):
 garbage-first heap   total 108544K, used 34545K [0x0000000703000000, 0x0000000800000000)
  region size 2048K, 2 young (4096K), 2 survivors (4096K)
 Metaspace       used 66679K, committed 67328K, reserved 1114112K
  class space    used 8508K, committed 8832K, reserved 1048576K
}
Event: 145.653 GC heap before
{Heap before GC invocations=28 (full 3):
 garbage-first heap   total 108544K, used 83697K [0x0000000703000000, 0x0000000800000000)
  region size 2048K, 26 young (53248K), 2 survivors (4096K)
 Metaspace       used 67059K, committed 67712K, reserved 1114112K
  class space    used 8523K, committed 8832K, reserved 1048576K
}
Event: 145.691 GC heap after
{Heap after GC invocations=29 (full 3):
 garbage-first heap   total 108544K, used 36194K [0x0000000703000000, 0x0000000800000000)
  region size 2048K, 3 young (6144K), 3 survivors (6144K)
 Metaspace       used 67059K, committed 67712K, reserved 1114112K
  class space    used 8523K, committed 8832K, reserved 1048576K
}
Event: 145.905 GC heap before
{Heap before GC invocations=29 (full 3):
 garbage-first heap   total 108544K, used 36194K [0x0000000703000000, 0x0000000800000000)
  region size 2048K, 4 young (8192K), 3 survivors (6144K)
 Metaspace       used 67084K, committed 67712K, reserved 1114112K
  class space    used 8523K, committed 8832K, reserved 1048576K
}
Event: 145.985 GC heap after
{Heap after GC invocations=30 (full 4):
 garbage-first heap   total 108544K, used 33500K [0x0000000703000000, 0x0000000800000000)
  region size 2048K, 0 young (0K), 0 survivors (0K)
 Metaspace       used 67084K, committed 67712K, reserved 1114112K
  class space    used 8523K, committed 8832K, reserved 1048576K
}
Event: 146.638 GC heap before
{Heap before GC invocations=30 (full 4):
 garbage-first heap   total 108544K, used 80604K [0x0000000703000000, 0x0000000800000000)
  region size 2048K, 23 young (47104K), 0 survivors (0K)
 Metaspace       used 67199K, committed 67840K, reserved 1114112K
  class space    used 8535K, committed 8832K, reserved 1048576K
}
Event: 146.642 GC heap after
{Heap after GC invocations=31 (full 4):
 garbage-first heap   total 108544K, used 36896K [0x0000000703000000, 0x0000000800000000)
  region size 2048K, 2 young (4096K), 2 survivors (4096K)
 Metaspace       used 67199K, committed 67840K, reserved 1114112K
  class space    used 8535K, committed 8832K, reserved 1048576K
}

