# JRE version: Java(TM) SE Runtime Environment (18.0.1.1+2) (build 18.0.1.1+2-6)
# Java VM: Java HotSpot(TM) 64-Bit Server VM (18.0.1.1+2-6, mixed mode, sharing, tiered, compressed oops, compressed class ptrs, g1 gc, windows-amd64)
GC Precious Log:
 CardTable entry size: 512
 Card Set container configuration: InlinePtr #cards 4 size 8 Array Of Cards #cards 16 size 48 Howl #buckets 8 coarsen threshold 3686 Howl Bitmap #cards 512 size 80 coarsen threshold 460 Card regions per heap region 1 cards per card region 4096
 CPUs: 12 total, 12 available
 Memory: 16187M
 Large Page Support: Disabled
 NUMA Support: Disabled
 Compressed Oops: Enabled (Zero based)
 Heap Region Size: 2M
 Heap Min Capacity: 8M
 Heap Initial Capacity: 254M
 Heap Max Capacity: 4048M
 Pre-touch: Disabled
 Parallel Workers: 10
 Concurrent Workers: 3
 Concurrent Refinement Workers: 10
 Periodic GC: Disabled
Heap:
 garbage-first heap   total 81920K, used 52257K [0x0000000703000000, 0x0000000800000000)
  region size 2048K, 11 young (22528K), 2 survivors (4096K)
 Metaspace       used 68797K, committed 69440K, reserved 1114112K
  class space    used 8655K, committed 8960K, reserved 1048576K
GC Heap History (20 events):
Event: 57.439 GC heap before
{Heap before GC invocations=23 (full 1):
 garbage-first heap   total 81920K, used 60395K [0x0000000703000000, 0x0000000800000000)
  region size 2048K, 18 young (36864K), 0 survivors (0K)
 Metaspace       used 66235K, committed 66816K, reserved 1114112K
  class space    used 8508K, committed 8768K, reserved 1048576K
}
Event: 57.443 GC heap after
{Heap after GC invocations=24 (full 1):
 garbage-first heap   total 81920K, used 28923K [0x0000000703000000, 0x0000000800000000)
  region size 2048K, 2 young (4096K), 2 survivors (4096K)
 Metaspace       used 66235K, committed 66816K, reserved 1114112K
  class space    used 8508K, committed 8768K, reserved 1048576K
}
Event: 58.016 GC heap before
{Heap before GC invocations=24 (full 1):
 garbage-first heap   total 81920K, used 61691K [0x0000000703000000, 0x0000000800000000)
  region size 2048K, 18 young (36864K), 2 survivors (4096K)
 Metaspace       used 66540K, committed 67136K, reserved 1114112K
  class space    used 8515K, committed 8768K, reserved 1048576K
}
Event: 58.020 GC heap after
{Heap after GC invocations=25 (full 1):
 garbage-first heap   total 81920K, used 30438K [0x0000000703000000, 0x0000000800000000)
  region size 2048K, 3 young (6144K), 3 survivors (6144K)
 Metaspace       used 66540K, committed 67136K, reserved 1114112K
  class space    used 8515K, committed 8768K, reserved 1048576K
}
Event: 58.517 GC heap before
{Heap before GC invocations=25 (full 1):
 garbage-first heap   total 81920K, used 61158K [0x0000000703000000, 0x0000000800000000)
  region size 2048K, 18 young (36864K), 3 survivors (6144K)
 Metaspace       used 66868K, committed 67456K, reserved 1114112K
  class space    used 8527K, committed 8832K, reserved 1048576K
}
Event: 58.522 GC heap after
{Heap after GC invocations=26 (full 1):
 garbage-first heap   total 81920K, used 32445K [0x0000000703000000, 0x0000000800000000)
  region size 2048K, 3 young (6144K), 3 survivors (6144K)
 Metaspace       used 66868K, committed 67456K, reserved 1114112K
  class space    used 8527K, committed 8832K, reserved 1048576K
}
Event: 258.349 GC heap before
{Heap before GC invocations=26 (full 1):
 garbage-first heap   total 81920K, used 42685K [0x0000000703000000, 0x0000000800000000)
  region size 2048K, 9 young (18432K), 3 survivors (6144K)
 Metaspace       used 66960K, committed 67584K, reserved 1114112K
  class space    used 8528K, committed 8832K, reserved 1048576K
}
Event: 258.443 GC heap after
{Heap after GC invocations=27 (full 2):
 garbage-first heap   total 81920K, used 28296K [0x0000000703000000, 0x0000000800000000)
  region size 2048K, 0 young (0K), 0 survivors (0K)
 Metaspace       used 66960K, committed 67584K, reserved 1114112K
  class space    used 8528K, committed 8832K, reserved 1048576K
}
Event: 259.006 GC heap before
{Heap before GC invocations=27 (full 2):
 garbage-first heap   total 81920K, used 63112K [0x0000000703000000, 0x0000000800000000)
  region size 2048K, 17 young (34816K), 0 survivors (0K)
 Metaspace       used 67074K, committed 67648K, reserved 1114112K
  class space    used 8540K, committed 8832K, reserved 1048576K
}
Event: 259.009 GC heap after
{Heap after GC invocations=28 (full 2):
 garbage-first heap   total 81920K, used 31593K [0x0000000703000000, 0x0000000800000000)
  region size 2048K, 2 young (4096K), 2 survivors (4096K)
 Metaspace       used 67074K, committed 67648K, reserved 1114112K
  class space    used 8540K, committed 8832K, reserved 1048576K
}
Event: 259.531 GC heap before
{Heap before GC invocations=28 (full 2):
 garbage-first heap   total 81920K, used 60265K [0x0000000703000000, 0x0000000800000000)
  region size 2048K, 17 young (34816K), 2 survivors (4096K)
 Metaspace       used 67177K, committed 67776K, reserved 1114112K
  class space    used 8543K, committed 8832K, reserved 1048576K
}
Event: 259.534 GC heap after
{Heap after GC invocations=29 (full 2):
 garbage-first heap   total 81920K, used 33023K [0x0000000703000000, 0x0000000800000000)
  region size 2048K, 3 young (6144K), 3 survivors (6144K)
 Metaspace       used 67177K, committed 67776K, reserved 1114112K
  class space    used 8543K, committed 8832K, reserved 1048576K
}
Event: 259.946 GC heap before
{Heap before GC invocations=29 (full 2):
 garbage-first heap   total 81920K, used 61695K [0x0000000703000000, 0x0000000800000000)
  region size 2048K, 17 young (34816K), 3 survivors (6144K)
 Metaspace       used 67507K, committed 68160K, reserved 1114112K
  class space    used 8557K, committed 8896K, reserved 1048576K
}
Event: 259.952 GC heap after
{Heap after GC invocations=30 (full 2):
 garbage-first heap   total 81920K, used 35162K [0x0000000703000000, 0x0000000800000000)
  region size 2048K, 3 young (6144K), 3 survivors (6144K)
 Metaspace       used 67507K, committed 68160K, reserved 1114112K
  class space    used 8557K, committed 8896K, reserved 1048576K
}
Event: 315.878 GC heap before
{Heap before GC invocations=30 (full 2):
 garbage-first heap   total 81920K, used 57690K [0x0000000703000000, 0x0000000800000000)
  region size 2048K, 15 young (30720K), 3 survivors (6144K)
 Metaspace       used 68453K, committed 69056K, reserved 1114112K
  class space    used 8631K, committed 8960K, reserved 1048576K
}
Event: 315.982 GC heap after
{Heap after GC invocations=31 (full 3):
 garbage-first heap   total 81920K, used 32035K [0x0000000703000000, 0x0000000800000000)
  region size 2048K, 0 young (0K), 0 survivors (0K)
 Metaspace       used 68453K, committed 69056K, reserved 1114112K
  class space    used 8631K, committed 8960K, reserved 1048576K
}
Event: 316.421 GC heap before
{Heap before GC invocations=31 (full 3):
 garbage-first heap   total 81920K, used 62755K [0x0000000703000000, 0x0000000800000000)
  region size 2048K, 15 young (30720K), 0 survivors (0K)
 Metaspace       used 68521K, committed 69120K, reserved 1114112K
  class space    used 8642K, committed 8960K, reserved 1048576K
}
Event: 316.424 GC heap after
{Heap after GC invocations=32 (full 3):
 garbage-first heap   total 81920K, used 34885K [0x0000000703000000, 0x0000000800000000)
  region size 2048K, 2 young (4096K), 2 survivors (4096K)
 Metaspace       used 68521K, committed 69120K, reserved 1114112K
  class space    used 8642K, committed 8960K, reserved 1048576K
}
Event: 316.773 GC heap before
{Heap before GC invocations=32 (full 3):
 garbage-first heap   total 81920K, used 61509K [0x0000000703000000, 0x0000000800000000)
  region size 2048K, 15 young (30720K), 2 survivors (4096K)
 Metaspace       used 68577K, committed 69184K, reserved 1114112K
  class space    used 8644K, committed 8960K, reserved 1048576K
}
Event: 316.777 GC heap after
{Heap after GC invocations=33 (full 3):
 garbage-first heap   total 81920K, used 35873K [0x0000000703000000, 0x0000000800000000)
  region size 2048K, 2 young (4096K), 2 survivors (4096K)
 Metaspace       used 68577K, committed 69184K, reserved 1114112K
  class space    used 8644K, committed 8960K, reserved 1048576K
}

